# JRE version: OpenJDK Runtime Environment (17.0.7) (build 17.0.7+0-b2043.56-10550314)
# Java VM: OpenJDK 64-Bit Server VM (17.0.7+0-b2043.56-10550314, mixed mode, tiered, compressed oops, compressed class ptrs, g1 gc, windows-amd64)
GC Precious Log:
 CPUs: 4 total, 4 available
 Memory: 8095M
 Large Page Support: Disabled
 NUMA Support: Disabled
 Compressed Oops: Enabled (Zero based)
 Heap Region Size: 2M
 Heap Min Capacity: 8M
 Heap Initial Capacity: 128M
 Heap Max Capacity: 4G
 Pre-touch: Disabled
 Parallel Workers: 4
 Concurrent Workers: 1
 Concurrent Refinement Workers: 4
 Periodic GC: Disabled
Heap:
 garbage-first heap   total 708608K, used 302971K [0x0000000700000000, 0x0000000800000000)
  region size 2048K, 2 young (4096K), 2 survivors (4096K)
 Metaspace       used 188496K, committed 189632K, reserved 1245184K
  class space    used 24608K, committed 25152K, reserved 1048576K
GC Heap History (20 events):
Event: 83.697 GC heap after
{Heap after GC invocations=38 (full 0):
 garbage-first heap   total 364544K, used 155650K [0x0000000700000000, 0x0000000800000000)
  region size 2048K, 6 young (12288K), 6 survivors (12288K)
 Metaspace       used 115298K, committed 116288K, reserved 1179648K
  class space    used 15427K, committed 15872K, reserved 1048576K
}
Event: 83.799 GC heap before
{Heap before GC invocations=38 (full 0):
 garbage-first heap   total 364544K, used 196610K [0x0000000700000000, 0x0000000800000000)
  region size 2048K, 7 young (14336K), 6 survivors (12288K)
 Metaspace       used 115298K, committed 116288K, reserved 1179648K
  class space    used 15427K, committed 15872K, reserved 1048576K
}
Event: 83.815 GC heap after
{Heap after GC invocations=39 (full 0):
 garbage-first heap   total 364544K, used 168758K [0x0000000700000000, 0x0000000800000000)
  region size 2048K, 3 young (6144K), 3 survivors (6144K)
 Metaspace       used 115298K, committed 116288K, reserved 1179648K
  class space    used 15427K, committed 15872K, reserved 1048576K
}
Event: 86.553 GC heap before
{Heap before GC invocations=39 (full 0):
 garbage-first heap   total 364544K, used 246582K [0x0000000700000000, 0x0000000800000000)
  region size 2048K, 39 young (79872K), 3 survivors (6144K)
 Metaspace       used 120378K, committed 121408K, reserved 1179648K
  class space    used 16053K, committed 16512K, reserved 1048576K
}
Event: 86.570 GC heap after
{Heap after GC invocations=40 (full 0):
 garbage-first heap   total 364544K, used 146416K [0x0000000700000000, 0x0000000800000000)
  region size 2048K, 5 young (10240K), 5 survivors (10240K)
 Metaspace       used 120378K, committed 121408K, reserved 1179648K
  class space    used 16053K, committed 16512K, reserved 1048576K
}
Event: 86.640 GC heap before
{Heap before GC invocations=40 (full 0):
 garbage-first heap   total 364544K, used 156656K [0x0000000700000000, 0x0000000800000000)
  region size 2048K, 7 young (14336K), 5 survivors (10240K)
 Metaspace       used 120680K, committed 121728K, reserved 1179648K
  class space    used 16121K, committed 16576K, reserved 1048576K
}
Event: 86.654 GC heap after
{Heap after GC invocations=41 (full 0):
 garbage-first heap   total 364544K, used 147062K [0x0000000700000000, 0x0000000800000000)
  region size 2048K, 6 young (12288K), 6 survivors (12288K)
 Metaspace       used 120680K, committed 121728K, reserved 1179648K
  class space    used 16121K, committed 16576K, reserved 1048576K
}
Event: 86.693 GC heap before
{Heap before GC invocations=41 (full 0):
 garbage-first heap   total 364544K, used 151158K [0x0000000700000000, 0x0000000800000000)
  region size 2048K, 7 young (14336K), 6 survivors (12288K)
 Metaspace       used 120683K, committed 121728K, reserved 1179648K
  class space    used 16122K, committed 16576K, reserved 1048576K
}
Event: 86.711 GC heap after
{Heap after GC invocations=42 (full 0):
 garbage-first heap   total 708608K, used 147093K [0x0000000700000000, 0x0000000800000000)
  region size 2048K, 6 young (12288K), 6 survivors (12288K)
 Metaspace       used 120683K, committed 121728K, reserved 1179648K
  class space    used 16122K, committed 16576K, reserved 1048576K
}
Event: 99.874 GC heap before
{Heap before GC invocations=42 (full 0):
 garbage-first heap   total 708608K, used 333461K [0x0000000700000000, 0x0000000800000000)
  region size 2048K, 85 young (174080K), 6 survivors (12288K)
 Metaspace       used 136200K, committed 137216K, reserved 1179648K
  class space    used 17897K, committed 18368K, reserved 1048576K
}
Event: 99.905 GC heap after
{Heap after GC invocations=43 (full 0):
 garbage-first heap   total 708608K, used 166958K [0x0000000700000000, 0x0000000800000000)
  region size 2048K, 11 young (22528K), 11 survivors (22528K)
 Metaspace       used 136200K, committed 137216K, reserved 1179648K
  class space    used 17897K, committed 18368K, reserved 1048576K
}
Event: 103.662 GC heap before
{Heap before GC invocations=44 (full 0):
 garbage-first heap   total 649216K, used 535598K [0x0000000700000000, 0x0000000800000000)
  region size 2048K, 190 young (389120K), 11 survivors (22528K)
 Metaspace       used 161357K, committed 162432K, reserved 1245184K
  class space    used 21209K, committed 21696K, reserved 1048576K
}
Event: 103.810 GC heap after
{Heap after GC invocations=45 (full 0):
 garbage-first heap   total 649216K, used 219712K [0x0000000700000000, 0x0000000800000000)
  region size 2048K, 24 young (49152K), 24 survivors (49152K)
 Metaspace       used 161357K, committed 162432K, reserved 1245184K
  class space    used 21209K, committed 21696K, reserved 1048576K
}
Event: 103.862 GC heap before
{Heap before GC invocations=45 (full 0):
 garbage-first heap   total 649216K, used 221760K [0x0000000700000000, 0x0000000800000000)
  region size 2048K, 25 young (51200K), 24 survivors (49152K)
 Metaspace       used 161478K, committed 162624K, reserved 1245184K
  class space    used 21218K, committed 21760K, reserved 1048576K
}
Event: 103.931 GC heap after
{Heap after GC invocations=46 (full 0):
 garbage-first heap   total 649216K, used 224063K [0x0000000700000000, 0x0000000800000000)
  region size 2048K, 2 young (4096K), 2 survivors (4096K)
 Metaspace       used 161478K, committed 162624K, reserved 1245184K
  class space    used 21218K, committed 21760K, reserved 1048576K
}
Event: 105.705 GC heap before
{Heap before GC invocations=46 (full 0):
 garbage-first heap   total 649216K, used 471871K [0x0000000700000000, 0x0000000800000000)
  region size 2048K, 124 young (253952K), 2 survivors (4096K)
 Metaspace       used 170049K, committed 171200K, reserved 1245184K
  class space    used 22343K, committed 22848K, reserved 1048576K
}
Event: 105.789 GC heap after
{Heap after GC invocations=47 (full 0):
 garbage-first heap   total 649216K, used 268483K [0x0000000700000000, 0x0000000800000000)
  region size 2048K, 16 young (32768K), 16 survivors (32768K)
 Metaspace       used 170049K, committed 171200K, reserved 1245184K
  class space    used 22343K, committed 22848K, reserved 1048576K
}
Event: 109.958 GC heap before
{Heap before GC invocations=48 (full 0):
 garbage-first heap   total 649216K, used 499907K [0x0000000700000000, 0x0000000800000000)
  region size 2048K, 123 young (251904K), 16 survivors (32768K)
 Metaspace       used 188216K, committed 189312K, reserved 1245184K
  class space    used 24605K, committed 25088K, reserved 1048576K
}
Event: 110.037 GC heap after
{Heap after GC invocations=49 (full 0):
 garbage-first heap   total 649216K, used 300227K [0x0000000700000000, 0x0000000800000000)
  region size 2048K, 9 young (18432K), 9 survivors (18432K)
 Metaspace       used 188216K, committed 189312K, reserved 1245184K
  class space    used 24605K, committed 25088K, reserved 1048576K
}
Event: 110.258 GC heap before
{Heap before GC invocations=49 (full 0):
 garbage-first heap   total 649216K, used 312515K [0x0000000700000000, 0x0000000800000000)
  region size 2048K, 15 young (30720K), 9 survivors (18432K)
 Metaspace       used 188496K, committed 189632K, reserved 1245184K
  class space    used 24608K, committed 25152K, reserved 1048576K
}

