# JRE version: OpenJDK Runtime Environment (17.0.7) (build 17.0.7+0-b2043.56-10550314)
# Java VM: OpenJDK 64-Bit Server VM (17.0.7+0-b2043.56-10550314, mixed mode, tiered, compressed oops, compressed class ptrs, g1 gc, windows-amd64)
GC Precious Log:
 CPUs: 4 total, 4 available
 Memory: 8095M
 Large Page Support: Disabled
 NUMA Support: Disabled
 Compressed Oops: Enabled (Zero based)
 Heap Region Size: 2M
 Heap Min Capacity: 8M
 Heap Initial Capacity: 128M
 Heap Max Capacity: 4G
 Pre-touch: Disabled
 Parallel Workers: 4
 Concurrent Workers: 1
 Concurrent Refinement Workers: 4
 Periodic GC: Disabled
Heap:
 garbage-first heap   total 331776K, used 212658K [0x0000000700000000, 0x0000000800000000)
  region size 2048K, 1 young (2048K), 1 survivors (2048K)
 Metaspace       used 137332K, committed 138432K, reserved 1179648K
  class space    used 18033K, committed 18560K, reserved 1048576K
GC Heap History (20 events):
Event: 42.507 GC heap after
{Heap after GC invocations=50 (full 0):
 garbage-first heap   total 331776K, used 159662K [0x0000000700000000, 0x0000000800000000)
  region size 2048K, 7 young (14336K), 7 survivors (14336K)
 Metaspace       used 120257K, committed 121280K, reserved 1179648K
  class space    used 16361K, committed 16832K, reserved 1048576K
}
Event: 42.534 GC heap before
{Heap before GC invocations=50 (full 0):
 garbage-first heap   total 331776K, used 159662K [0x0000000700000000, 0x0000000800000000)
  region size 2048K, 8 young (16384K), 7 survivors (14336K)
 Metaspace       used 120729K, committed 121664K, reserved 1179648K
  class space    used 16417K, committed 16832K, reserved 1048576K
}
Event: 42.565 GC heap after
{Heap after GC invocations=51 (full 0):
 garbage-first heap   total 331776K, used 161693K [0x0000000700000000, 0x0000000800000000)
  region size 2048K, 1 young (2048K), 1 survivors (2048K)
 Metaspace       used 120729K, committed 121664K, reserved 1179648K
  class space    used 16417K, committed 16832K, reserved 1048576K
}
Event: 44.866 GC heap before
{Heap before GC invocations=51 (full 0):
 garbage-first heap   total 331776K, used 264093K [0x0000000700000000, 0x0000000800000000)
  region size 2048K, 50 young (102400K), 1 survivors (2048K)
 Metaspace       used 128821K, committed 129920K, reserved 1179648K
  class space    used 17375K, committed 17856K, reserved 1048576K
}
Event: 44.882 GC heap after
{Heap after GC invocations=52 (full 0):
 garbage-first heap   total 331776K, used 169973K [0x0000000700000000, 0x0000000800000000)
  region size 2048K, 5 young (10240K), 5 survivors (10240K)
 Metaspace       used 128821K, committed 129920K, reserved 1179648K
  class space    used 17375K, committed 17856K, reserved 1048576K
}
Event: 47.594 GC heap before
{Heap before GC invocations=53 (full 0):
 garbage-first heap   total 331776K, used 268277K [0x0000000700000000, 0x0000000800000000)
  region size 2048K, 51 young (104448K), 5 survivors (10240K)
 Metaspace       used 130041K, committed 131136K, reserved 1179648K
  class space    used 17433K, committed 17920K, reserved 1048576K
}
Event: 47.615 GC heap after
{Heap after GC invocations=54 (full 0):
 garbage-first heap   total 331776K, used 180637K [0x0000000700000000, 0x0000000800000000)
  region size 2048K, 4 young (8192K), 4 survivors (8192K)
 Metaspace       used 130041K, committed 131136K, reserved 1179648K
  class space    used 17433K, committed 17920K, reserved 1048576K
}
Event: 47.731 GC heap before
{Heap before GC invocations=54 (full 0):
 garbage-first heap   total 331776K, used 186781K [0x0000000700000000, 0x0000000800000000)
  region size 2048K, 8 young (16384K), 4 survivors (8192K)
 Metaspace       used 130056K, committed 131136K, reserved 1179648K
  class space    used 17433K, committed 17920K, reserved 1048576K
}
Event: 47.746 GC heap after
{Heap after GC invocations=55 (full 0):
 garbage-first heap   total 331776K, used 178724K [0x0000000700000000, 0x0000000800000000)
  region size 2048K, 1 young (2048K), 1 survivors (2048K)
 Metaspace       used 130056K, committed 131136K, reserved 1179648K
  class space    used 17433K, committed 17920K, reserved 1048576K
}
Event: 60.335 GC heap before
{Heap before GC invocations=55 (full 0):
 garbage-first heap   total 331776K, used 268836K [0x0000000700000000, 0x0000000800000000)
  region size 2048K, 44 young (90112K), 1 survivors (2048K)
 Metaspace       used 130746K, committed 131776K, reserved 1179648K
  class space    used 17493K, committed 17920K, reserved 1048576K
}
Event: 60.351 GC heap after
{Heap after GC invocations=56 (full 0):
 garbage-first heap   total 331776K, used 185938K [0x0000000700000000, 0x0000000800000000)
  region size 2048K, 4 young (8192K), 4 survivors (8192K)
 Metaspace       used 130746K, committed 131776K, reserved 1179648K
  class space    used 17493K, committed 17920K, reserved 1048576K
}
Event: 76.286 GC heap before
{Heap before GC invocations=56 (full 0):
 garbage-first heap   total 331776K, used 267858K [0x0000000700000000, 0x0000000800000000)
  region size 2048K, 45 young (92160K), 4 survivors (8192K)
 Metaspace       used 133795K, committed 134912K, reserved 1179648K
  class space    used 17738K, committed 18240K, reserved 1048576K
}
Event: 76.307 GC heap after
{Heap after GC invocations=57 (full 0):
 garbage-first heap   total 331776K, used 192700K [0x0000000700000000, 0x0000000800000000)
  region size 2048K, 5 young (10240K), 5 survivors (10240K)
 Metaspace       used 133795K, committed 134912K, reserved 1179648K
  class space    used 17738K, committed 18240K, reserved 1048576K
}
Event: 79.868 GC heap before
{Heap before GC invocations=57 (full 0):
 garbage-first heap   total 331776K, used 268476K [0x0000000700000000, 0x0000000800000000)
  region size 2048K, 43 young (88064K), 5 survivors (10240K)
 Metaspace       used 137264K, committed 138432K, reserved 1179648K
  class space    used 18027K, committed 18560K, reserved 1048576K
}
Event: 79.878 GC heap after
{Heap after GC invocations=58 (full 0):
 garbage-first heap   total 331776K, used 190187K [0x0000000700000000, 0x0000000800000000)
  region size 2048K, 3 young (6144K), 3 survivors (6144K)
 Metaspace       used 137264K, committed 138432K, reserved 1179648K
  class space    used 18027K, committed 18560K, reserved 1048576K
}
Event: 80.009 GC heap before
{Heap before GC invocations=58 (full 0):
 garbage-first heap   total 331776K, used 222955K [0x0000000700000000, 0x0000000800000000)
  region size 2048K, 5 young (10240K), 3 survivors (6144K)
 Metaspace       used 137332K, committed 138432K, reserved 1179648K
  class space    used 18033K, committed 18560K, reserved 1048576K
}
Event: 80.017 GC heap after
{Heap after GC invocations=59 (full 0):
 garbage-first heap   total 331776K, used 200449K [0x0000000700000000, 0x0000000800000000)
  region size 2048K, 3 young (6144K), 3 survivors (6144K)
 Metaspace       used 137332K, committed 138432K, reserved 1179648K
  class space    used 18033K, committed 18560K, reserved 1048576K
}
Event: 80.110 GC heap before
{Heap before GC invocations=59 (full 0):
 garbage-first heap   total 331776K, used 239361K [0x0000000700000000, 0x0000000800000000)
  region size 2048K, 5 young (10240K), 3 survivors (6144K)
 Metaspace       used 137332K, committed 138432K, reserved 1179648K
  class space    used 18033K, committed 18560K, reserved 1048576K
}
Event: 80.116 GC heap after
{Heap after GC invocations=60 (full 0):
 garbage-first heap   total 331776K, used 207279K [0x0000000700000000, 0x0000000800000000)
  region size 2048K, 2 young (4096K), 2 survivors (4096K)
 Metaspace       used 137332K, committed 138432K, reserved 1179648K
  class space    used 18033K, committed 18560K, reserved 1048576K
}
Event: 80.150 GC heap before
{Heap before GC invocations=60 (full 0):
 garbage-first heap   total 331776K, used 219567K [0x0000000700000000, 0x0000000800000000)
  region size 2048K, 3 young (6144K), 2 survivors (4096K)
 Metaspace       used 137332K, committed 138432K, reserved 1179648K
  class space    used 18033K, committed 18560K, reserved 1048576K
}

