# JRE version: OpenJDK Runtime Environment (17.0.7) (build 17.0.7+0-b2043.56-10550314)
# Java VM: OpenJDK 64-Bit Server VM (17.0.7+0-b2043.56-10550314, mixed mode, tiered, compressed oops, compressed class ptrs, g1 gc, windows-amd64)
GC Precious Log:
 CPUs: 4 total, 4 available
 Memory: 8095M
 Large Page Support: Disabled
 NUMA Support: Disabled
 Compressed Oops: Enabled (Zero based)
 Heap Region Size: 2M
 Heap Min Capacity: 8M
 Heap Initial Capacity: 128M
 Heap Max Capacity: 4G
 Pre-touch: Disabled
 Parallel Workers: 4
 Concurrent Workers: 1
 Concurrent Refinement Workers: 4
 Periodic GC: Disabled
Heap:
 garbage-first heap   total 174080K, used 72705K [0x0000000700000000, 0x0000000800000000)
  region size 2048K, 22 young (45056K), 2 survivors (4096K)
 Metaspace       used 58167K, committed 58688K, reserved 1114112K
  class space    used 7926K, committed 8192K, reserved 1048576K
GC Heap History (20 events):
Event: 3.073 GC heap before
{Heap before GC invocations=3 (full 0):
 garbage-first heap   total 131072K, used 62164K [0x0000000700000000, 0x0000000800000000)
  region size 2048K, 29 young (59392K), 2 survivors (4096K)
 Metaspace       used 21271K, committed 21504K, reserved 1114112K
  class space    used 2560K, committed 2688K, reserved 1048576K
}
Event: 3.083 GC heap after
{Heap after GC invocations=4 (full 0):
 garbage-first heap   total 131072K, used 18251K [0x0000000700000000, 0x0000000800000000)
  region size 2048K, 5 young (10240K), 5 survivors (10240K)
 Metaspace       used 21271K, committed 21504K, reserved 1114112K
  class space    used 2560K, committed 2688K, reserved 1048576K
}
Event: 3.828 GC heap before
{Heap before GC invocations=5 (full 0):
 garbage-first heap   total 75776K, used 53067K [0x0000000700000000, 0x0000000800000000)
  region size 2048K, 22 young (45056K), 5 survivors (10240K)
 Metaspace       used 26177K, committed 26496K, reserved 1114112K
  class space    used 3394K, committed 3520K, reserved 1048576K
}
Event: 3.843 GC heap after
{Heap after GC invocations=6 (full 0):
 garbage-first heap   total 75776K, used 20756K [0x0000000700000000, 0x0000000800000000)
  region size 2048K, 2 young (4096K), 2 survivors (4096K)
 Metaspace       used 26177K, committed 26496K, reserved 1114112K
  class space    used 3394K, committed 3520K, reserved 1048576K
}
Event: 3.884 GC heap before
{Heap before GC invocations=6 (full 0):
 garbage-first heap   total 75776K, used 22804K [0x0000000700000000, 0x0000000800000000)
  region size 2048K, 3 young (6144K), 2 survivors (4096K)
 Metaspace       used 26362K, committed 26624K, reserved 1114112K
  class space    used 3431K, committed 3520K, reserved 1048576K
}
Event: 3.889 GC heap after
{Heap after GC invocations=7 (full 0):
 garbage-first heap   total 75776K, used 20597K [0x0000000700000000, 0x0000000800000000)
  region size 2048K, 1 young (2048K), 1 survivors (2048K)
 Metaspace       used 26362K, committed 26624K, reserved 1114112K
  class space    used 3431K, committed 3520K, reserved 1048576K
}
Event: 4.531 GC heap before
{Heap before GC invocations=7 (full 0):
 garbage-first heap   total 75776K, used 51317K [0x0000000700000000, 0x0000000800000000)
  region size 2048K, 16 young (32768K), 1 survivors (2048K)
 Metaspace       used 30539K, committed 30784K, reserved 1114112K
  class space    used 4112K, committed 4224K, reserved 1048576K
}
Event: 4.536 GC heap after
{Heap after GC invocations=8 (full 0):
 garbage-first heap   total 102400K, used 21824K [0x0000000700000000, 0x0000000800000000)
  region size 2048K, 1 young (2048K), 1 survivors (2048K)
 Metaspace       used 30539K, committed 30784K, reserved 1114112K
  class space    used 4112K, committed 4224K, reserved 1048576K
}
Event: 5.246 GC heap before
{Heap before GC invocations=8 (full 0):
 garbage-first heap   total 102400K, used 54592K [0x0000000700000000, 0x0000000800000000)
  region size 2048K, 18 young (36864K), 1 survivors (2048K)
 Metaspace       used 35632K, committed 35968K, reserved 1114112K
  class space    used 4802K, committed 4928K, reserved 1048576K
}
Event: 5.255 GC heap after
{Heap after GC invocations=9 (full 0):
 garbage-first heap   total 102400K, used 23968K [0x0000000700000000, 0x0000000800000000)
  region size 2048K, 2 young (4096K), 2 survivors (4096K)
 Metaspace       used 35632K, committed 35968K, reserved 1114112K
  class space    used 4802K, committed 4928K, reserved 1048576K
}
Event: 6.112 GC heap before
{Heap before GC invocations=10 (full 0):
 garbage-first heap   total 90112K, used 75168K [0x0000000700000000, 0x0000000800000000)
  region size 2048K, 26 young (53248K), 2 survivors (4096K)
 Metaspace       used 42304K, committed 42688K, reserved 1114112K
  class space    used 5528K, committed 5696K, reserved 1048576K
}
Event: 6.124 GC heap after
{Heap after GC invocations=11 (full 0):
 garbage-first heap   total 90112K, used 28843K [0x0000000700000000, 0x0000000800000000)
  region size 2048K, 4 young (8192K), 4 survivors (8192K)
 Metaspace       used 42304K, committed 42688K, reserved 1114112K
  class space    used 5528K, committed 5696K, reserved 1048576K
}
Event: 6.155 GC heap before
{Heap before GC invocations=11 (full 0):
 garbage-first heap   total 90112K, used 30891K [0x0000000700000000, 0x0000000800000000)
  region size 2048K, 5 young (10240K), 4 survivors (8192K)
 Metaspace       used 42494K, committed 42880K, reserved 1114112K
  class space    used 5557K, committed 5696K, reserved 1048576K
}
Event: 6.168 GC heap after
{Heap after GC invocations=12 (full 0):
 garbage-first heap   total 90112K, used 29559K [0x0000000700000000, 0x0000000800000000)
  region size 2048K, 1 young (2048K), 1 survivors (2048K)
 Metaspace       used 42494K, committed 42880K, reserved 1114112K
  class space    used 5557K, committed 5696K, reserved 1048576K
}
Event: 6.624 GC heap before
{Heap before GC invocations=12 (full 0):
 garbage-first heap   total 90112K, used 68471K [0x0000000700000000, 0x0000000800000000)
  region size 2048K, 20 young (40960K), 1 survivors (2048K)
 Metaspace       used 44345K, committed 44800K, reserved 1114112K
  class space    used 5845K, committed 6080K, reserved 1048576K
}
Event: 6.629 GC heap after
{Heap after GC invocations=13 (full 0):
 garbage-first heap   total 90112K, used 30210K [0x0000000700000000, 0x0000000800000000)
  region size 2048K, 1 young (2048K), 1 survivors (2048K)
 Metaspace       used 44345K, committed 44800K, reserved 1114112K
  class space    used 5845K, committed 6080K, reserved 1048576K
}
Event: 7.353 GC heap before
{Heap before GC invocations=13 (full 0):
 garbage-first heap   total 90112K, used 67074K [0x0000000700000000, 0x0000000800000000)
  region size 2048K, 20 young (40960K), 1 survivors (2048K)
 Metaspace       used 48875K, committed 49344K, reserved 1114112K
  class space    used 6510K, committed 6720K, reserved 1048576K
}
Event: 7.362 GC heap after
{Heap after GC invocations=14 (full 0):
 garbage-first heap   total 90112K, used 32016K [0x0000000700000000, 0x0000000800000000)
  region size 2048K, 2 young (4096K), 2 survivors (4096K)
 Metaspace       used 48875K, committed 49344K, reserved 1114112K
  class space    used 6510K, committed 6720K, reserved 1048576K
}
Event: 8.159 GC heap before
{Heap before GC invocations=14 (full 0):
 garbage-first heap   total 90112K, used 70928K [0x0000000700000000, 0x0000000800000000)
  region size 2048K, 21 young (43008K), 2 survivors (4096K)
 Metaspace       used 53733K, committed 54272K, reserved 1114112K
  class space    used 7289K, committed 7552K, reserved 1048576K
}
Event: 8.172 GC heap after
{Heap after GC invocations=15 (full 0):
 garbage-first heap   total 174080K, used 33793K [0x0000000700000000, 0x0000000800000000)
  region size 2048K, 2 young (4096K), 2 survivors (4096K)
 Metaspace       used 53733K, committed 54272K, reserved 1114112K
  class space    used 7289K, committed 7552K, reserved 1048576K
}

