# JRE version: OpenJDK Runtime Environment (17.0.7) (build 17.0.7+0-b2043.56-10550314)
# Java VM: OpenJDK 64-Bit Server VM (17.0.7+0-b2043.56-10550314, mixed mode, tiered, compressed oops, compressed class ptrs, g1 gc, windows-amd64)
GC Precious Log:
 CPUs: 4 total, 4 available
 Memory: 8095M
 Large Page Support: Disabled
 NUMA Support: Disabled
 Compressed Oops: Enabled (Zero based)
 Heap Region Size: 2M
 Heap Min Capacity: 8M
 Heap Initial Capacity: 128M
 Heap Max Capacity: 4G
 Pre-touch: Disabled
 Parallel Workers: 4
 Concurrent Workers: 1
 Concurrent Refinement Workers: 4
 Periodic GC: Disabled
Heap:
 garbage-first heap   total 659456K, used 456704K [0x0000000700000000, 0x0000000800000000)
  region size 2048K, 42 young (86016K), 4 survivors (8192K)
 Metaspace       used 228368K, committed 230272K, reserved 1310720K
  class space    used 28181K, committed 29056K, reserved 1048576K
GC Heap History (20 events):
Event: 252.266 GC heap before
{Heap before GC invocations=175 (full 0):
 garbage-first heap   total 659456K, used 571771K [0x0000000700000000, 0x0000000800000000)
  region size 2048K, 130 young (266240K), 8 survivors (16384K)
 Metaspace       used 217697K, committed 219072K, reserved 1245184K
  class space    used 27034K, committed 27648K, reserved 1048576K
}
Event: 252.288 GC heap after
{Heap after GC invocations=176 (full 0):
 garbage-first heap   total 659456K, used 319047K [0x0000000700000000, 0x0000000800000000)
  region size 2048K, 10 young (20480K), 10 survivors (20480K)
 Metaspace       used 217697K, committed 219072K, reserved 1245184K
  class space    used 27034K, committed 27648K, reserved 1048576K
}
Event: 254.063 GC heap before
{Heap before GC invocations=176 (full 0):
 garbage-first heap   total 659456K, used 566855K [0x0000000700000000, 0x0000000800000000)
  region size 2048K, 131 young (268288K), 10 survivors (20480K)
 Metaspace       used 217805K, committed 219200K, reserved 1245184K
  class space    used 27034K, committed 27648K, reserved 1048576K
}
Event: 254.084 GC heap after
{Heap after GC invocations=177 (full 0):
 garbage-first heap   total 659456K, used 316984K [0x0000000700000000, 0x0000000800000000)
  region size 2048K, 7 young (14336K), 7 survivors (14336K)
 Metaspace       used 217805K, committed 219200K, reserved 1245184K
  class space    used 27034K, committed 27648K, reserved 1048576K
}
Event: 256.410 GC heap before
{Heap before GC invocations=177 (full 0):
 garbage-first heap   total 659456K, used 572984K [0x0000000700000000, 0x0000000800000000)
  region size 2048K, 131 young (268288K), 7 survivors (14336K)
 Metaspace       used 218202K, committed 219584K, reserved 1245184K
  class space    used 27088K, committed 27712K, reserved 1048576K
}
Event: 256.431 GC heap after
{Heap after GC invocations=178 (full 0):
 garbage-first heap   total 659456K, used 318765K [0x0000000700000000, 0x0000000800000000)
  region size 2048K, 9 young (18432K), 9 survivors (18432K)
 Metaspace       used 218202K, committed 219584K, reserved 1245184K
  class space    used 27088K, committed 27712K, reserved 1048576K
}
Event: 257.643 GC heap before
{Heap before GC invocations=178 (full 0):
 garbage-first heap   total 659456K, used 570669K [0x0000000700000000, 0x0000000800000000)
  region size 2048K, 132 young (270336K), 9 survivors (18432K)
 Metaspace       used 219887K, committed 221248K, reserved 1245184K
  class space    used 27293K, committed 27904K, reserved 1048576K
}
Event: 257.668 GC heap after
{Heap after GC invocations=179 (full 0):
 garbage-first heap   total 659456K, used 321462K [0x0000000700000000, 0x0000000800000000)
  region size 2048K, 9 young (18432K), 9 survivors (18432K)
 Metaspace       used 219887K, committed 221248K, reserved 1245184K
  class space    used 27293K, committed 27904K, reserved 1048576K
}
Event: 260.836 GC heap before
{Heap before GC invocations=179 (full 0):
 garbage-first heap   total 659456K, used 571318K [0x0000000700000000, 0x0000000800000000)
  region size 2048K, 131 young (268288K), 9 survivors (18432K)
 Metaspace       used 219909K, committed 221312K, reserved 1245184K
  class space    used 27294K, committed 27904K, reserved 1048576K
}
Event: 260.860 GC heap after
{Heap after GC invocations=180 (full 0):
 garbage-first heap   total 659456K, used 320252K [0x0000000700000000, 0x0000000800000000)
  region size 2048K, 10 young (20480K), 10 survivors (20480K)
 Metaspace       used 219909K, committed 221312K, reserved 1245184K
  class space    used 27294K, committed 27904K, reserved 1048576K
}
Event: 262.065 GC heap before
{Heap before GC invocations=180 (full 0):
 garbage-first heap   total 659456K, used 568060K [0x0000000700000000, 0x0000000800000000)
  region size 2048K, 132 young (270336K), 10 survivors (20480K)
 Metaspace       used 220724K, committed 222144K, reserved 1245184K
  class space    used 27403K, committed 28032K, reserved 1048576K
}
Event: 262.088 GC heap after
{Heap after GC invocations=181 (full 0):
 garbage-first heap   total 659456K, used 318490K [0x0000000700000000, 0x0000000800000000)
  region size 2048K, 9 young (18432K), 9 survivors (18432K)
 Metaspace       used 220724K, committed 222144K, reserved 1245184K
  class space    used 27403K, committed 28032K, reserved 1048576K
}
Event: 264.359 GC heap before
{Heap before GC invocations=181 (full 0):
 garbage-first heap   total 659456K, used 578586K [0x0000000700000000, 0x0000000800000000)
  region size 2048K, 132 young (270336K), 9 survivors (18432K)
 Metaspace       used 221182K, committed 222592K, reserved 1245184K
  class space    used 27476K, committed 28096K, reserved 1048576K
}
Event: 264.384 GC heap after
{Heap after GC invocations=182 (full 0):
 garbage-first heap   total 659456K, used 321741K [0x0000000700000000, 0x0000000800000000)
  region size 2048K, 9 young (18432K), 9 survivors (18432K)
 Metaspace       used 221182K, committed 222592K, reserved 1245184K
  class space    used 27476K, committed 28096K, reserved 1048576K
}
Event: 449.032 GC heap before
{Heap before GC invocations=182 (full 0):
 garbage-first heap   total 659456K, used 571597K [0x0000000700000000, 0x0000000800000000)
  region size 2048K, 131 young (268288K), 9 survivors (18432K)
 Metaspace       used 226006K, committed 227520K, reserved 1310720K
  class space    used 27975K, committed 28672K, reserved 1048576K
}
Event: 449.080 GC heap after
{Heap after GC invocations=183 (full 0):
 garbage-first heap   total 659456K, used 328734K [0x0000000700000000, 0x0000000800000000)
  region size 2048K, 13 young (26624K), 13 survivors (26624K)
 Metaspace       used 226006K, committed 227520K, reserved 1310720K
  class space    used 27975K, committed 28672K, reserved 1048576K
}
Event: 453.435 GC heap before
{Heap before GC invocations=183 (full 0):
 garbage-first heap   total 659456K, used 562206K [0x0000000700000000, 0x0000000800000000)
  region size 2048K, 127 young (260096K), 13 survivors (26624K)
 Metaspace       used 227564K, committed 229376K, reserved 1310720K
  class space    used 28159K, committed 28992K, reserved 1048576K
}
Event: 453.529 GC heap after
{Heap after GC invocations=184 (full 0):
 garbage-first heap   total 659456K, used 357795K [0x0000000700000000, 0x0000000800000000)
  region size 2048K, 16 young (32768K), 16 survivors (32768K)
 Metaspace       used 227564K, committed 229376K, reserved 1310720K
  class space    used 28159K, committed 28992K, reserved 1048576K
}
Event: 458.754 GC heap before
{Heap before GC invocations=184 (full 0):
 garbage-first heap   total 659456K, used 562595K [0x0000000700000000, 0x0000000800000000)
  region size 2048K, 111 young (227328K), 16 survivors (32768K)
 Metaspace       used 228062K, committed 229824K, reserved 1310720K
  class space    used 28172K, committed 28992K, reserved 1048576K
}
Event: 458.809 GC heap after
{Heap after GC invocations=185 (full 0):
 garbage-first heap   total 659456K, used 372736K [0x0000000700000000, 0x0000000800000000)
  region size 2048K, 4 young (8192K), 4 survivors (8192K)
 Metaspace       used 228062K, committed 229824K, reserved 1310720K
  class space    used 28172K, committed 28992K, reserved 1048576K
}

