# JRE version: OpenJDK Runtime Environment (17.0.7) (build 17.0.7+0-b2043.56-10550314)
# Java VM: OpenJDK 64-Bit Server VM (17.0.7+0-b2043.56-10550314, mixed mode, tiered, compressed oops, compressed class ptrs, g1 gc, windows-amd64)
GC Precious Log:
 CPUs: 4 total, 4 available
 Memory: 8095M
 Large Page Support: Disabled
 NUMA Support: Disabled
 Compressed Oops: Enabled (Zero based)
 Heap Region Size: 2M
 Heap Min Capacity: 8M
 Heap Initial Capacity: 128M
 Heap Max Capacity: 4G
 Pre-touch: Disabled
 Parallel Workers: 4
 Concurrent Workers: 1
 Concurrent Refinement Workers: 4
 Periodic GC: Disabled
Heap:
 garbage-first heap   total 894976K, used 450323K [0x0000000700000000, 0x0000000800000000)
  region size 2048K, 1 young (2048K), 1 survivors (2048K)
 Metaspace       used 205557K, committed 206848K, reserved 1245184K
  class space    used 26840K, committed 27392K, reserved 1048576K
GC Heap History (20 events):
Event: 61.188 GC heap after
{Heap after GC invocations=59 (full 0):
 garbage-first heap   total 620544K, used 318464K [0x0000000700000000, 0x0000000800000000)
  region size 2048K, 14 young (28672K), 14 survivors (28672K)
 Metaspace       used 155873K, committed 157120K, reserved 1245184K
  class space    used 20678K, committed 21248K, reserved 1048576K
}
Event: 63.179 GC heap before
{Heap before GC invocations=59 (full 0):
 garbage-first heap   total 620544K, used 492544K [0x0000000700000000, 0x0000000800000000)
  region size 2048K, 93 young (190464K), 14 survivors (28672K)
 Metaspace       used 165295K, committed 166528K, reserved 1245184K
  class space    used 21875K, committed 22400K, reserved 1048576K
}
Event: 63.279 GC heap after
{Heap after GC invocations=60 (full 0):
 garbage-first heap   total 620544K, used 358400K [0x0000000700000000, 0x0000000800000000)
  region size 2048K, 12 young (24576K), 12 survivors (24576K)
 Metaspace       used 165295K, committed 166528K, reserved 1245184K
  class space    used 21875K, committed 22400K, reserved 1048576K
}
Event: 64.496 GC heap before
{Heap before GC invocations=60 (full 0):
 garbage-first heap   total 620544K, used 497664K [0x0000000700000000, 0x0000000800000000)
  region size 2048K, 80 young (163840K), 12 survivors (24576K)
 Metaspace       used 169059K, committed 170304K, reserved 1245184K
  class space    used 22334K, committed 22912K, reserved 1048576K
}
Event: 64.554 GC heap after
{Heap after GC invocations=61 (full 0):
 garbage-first heap   total 894976K, used 367616K [0x0000000700000000, 0x0000000800000000)
  region size 2048K, 4 young (8192K), 4 survivors (8192K)
 Metaspace       used 169059K, committed 170304K, reserved 1245184K
  class space    used 22334K, committed 22912K, reserved 1048576K
}
Event: 70.187 GC heap before
{Heap before GC invocations=61 (full 0):
 garbage-first heap   total 894976K, used 670720K [0x0000000700000000, 0x0000000800000000)
  region size 2048K, 153 young (313344K), 4 survivors (8192K)
 Metaspace       used 182506K, committed 183808K, reserved 1245184K
  class space    used 24064K, committed 24640K, reserved 1048576K
}
Event: 70.251 GC heap after
{Heap after GC invocations=62 (full 0):
 garbage-first heap   total 894976K, used 396802K [0x0000000700000000, 0x0000000800000000)
  region size 2048K, 18 young (36864K), 18 survivors (36864K)
 Metaspace       used 182506K, committed 183808K, reserved 1245184K
  class space    used 24064K, committed 24640K, reserved 1048576K
}
Event: 72.245 GC heap before
{Heap before GC invocations=62 (full 0):
 garbage-first heap   total 894976K, used 564738K [0x0000000700000000, 0x0000000800000000)
  region size 2048K, 101 young (206848K), 18 survivors (36864K)
 Metaspace       used 192398K, committed 193728K, reserved 1245184K
  class space    used 25421K, committed 26048K, reserved 1048576K
}
Event: 72.325 GC heap after
{Heap after GC invocations=63 (full 0):
 garbage-first heap   total 894976K, used 411581K [0x0000000700000000, 0x0000000800000000)
  region size 2048K, 8 young (16384K), 8 survivors (16384K)
 Metaspace       used 192398K, committed 193728K, reserved 1245184K
  class space    used 25421K, committed 26048K, reserved 1048576K
}
Event: 76.896 GC heap before
{Heap before GC invocations=64 (full 0):
 garbage-first heap   total 894976K, used 696253K [0x0000000700000000, 0x0000000800000000)
  region size 2048K, 149 young (305152K), 8 survivors (16384K)
 Metaspace       used 198629K, committed 199936K, reserved 1245184K
  class space    used 25970K, committed 26560K, reserved 1048576K
}
Event: 76.952 GC heap after
{Heap after GC invocations=65 (full 0):
 garbage-first heap   total 894976K, used 436224K [0x0000000700000000, 0x0000000800000000)
  region size 2048K, 19 young (38912K), 19 survivors (38912K)
 Metaspace       used 198629K, committed 199936K, reserved 1245184K
  class space    used 25970K, committed 26560K, reserved 1048576K
}
Event: 76.980 GC heap before
{Heap before GC invocations=65 (full 0):
 garbage-first heap   total 894976K, used 440320K [0x0000000700000000, 0x0000000800000000)
  region size 2048K, 21 young (43008K), 19 survivors (38912K)
 Metaspace       used 198629K, committed 199936K, reserved 1245184K
  class space    used 25970K, committed 26560K, reserved 1048576K
}
Event: 77.040 GC heap after
{Heap after GC invocations=66 (full 0):
 garbage-first heap   total 894976K, used 434432K [0x0000000700000000, 0x0000000800000000)
  region size 2048K, 2 young (4096K), 2 survivors (4096K)
 Metaspace       used 198629K, committed 199936K, reserved 1245184K
  class space    used 25970K, committed 26560K, reserved 1048576K
}
Event: 79.263 GC heap before
{Heap before GC invocations=66 (full 0):
 garbage-first heap   total 894976K, used 710912K [0x0000000700000000, 0x0000000800000000)
  region size 2048K, 136 young (278528K), 2 survivors (4096K)
 Metaspace       used 199740K, committed 201024K, reserved 1245184K
  class space    used 26127K, committed 26688K, reserved 1048576K
}
Event: 79.302 GC heap after
{Heap after GC invocations=67 (full 0):
 garbage-first heap   total 894976K, used 454597K [0x0000000700000000, 0x0000000800000000)
  region size 2048K, 11 young (22528K), 11 survivors (22528K)
 Metaspace       used 199740K, committed 201024K, reserved 1245184K
  class space    used 26127K, committed 26688K, reserved 1048576K
}
Event: 82.754 GC heap before
{Heap before GC invocations=68 (full 0):
 garbage-first heap   total 894976K, used 714437K [0x0000000700000000, 0x0000000800000000)
  region size 2048K, 140 young (286720K), 11 survivors (22528K)
 Metaspace       used 204544K, committed 205824K, reserved 1245184K
  class space    used 26763K, committed 27328K, reserved 1048576K
}
Event: 82.804 GC heap after
{Heap after GC invocations=69 (full 0):
 garbage-first heap   total 894976K, used 457876K [0x0000000700000000, 0x0000000800000000)
  region size 2048K, 4 young (8192K), 4 survivors (8192K)
 Metaspace       used 204544K, committed 205824K, reserved 1245184K
  class space    used 26763K, committed 27328K, reserved 1048576K
}
Event: 83.245 GC heap before
{Heap before GC invocations=69 (full 0):
 garbage-first heap   total 894976K, used 492692K [0x0000000700000000, 0x0000000800000000)
  region size 2048K, 21 young (43008K), 4 survivors (8192K)
 Metaspace       used 204989K, committed 206272K, reserved 1245184K
  class space    used 26793K, committed 27392K, reserved 1048576K
}
Event: 83.280 GC heap after
{Heap after GC invocations=70 (full 0):
 garbage-first heap   total 894976K, used 450987K [0x0000000700000000, 0x0000000800000000)
  region size 2048K, 1 young (2048K), 1 survivors (2048K)
 Metaspace       used 204989K, committed 206272K, reserved 1245184K
  class space    used 26793K, committed 27392K, reserved 1048576K
}
Event: 84.422 GC heap before
{Heap before GC invocations=70 (full 0):
 garbage-first heap   total 894976K, used 729515K [0x0000000700000000, 0x0000000800000000)
  region size 2048K, 137 young (280576K), 1 survivors (2048K)
 Metaspace       used 205557K, committed 206848K, reserved 1245184K
  class space    used 26840K, committed 27392K, reserved 1048576K
}

