# JRE version: OpenJDK Runtime Environment (17.0.7) (build 17.0.7+0-b2043.56-10550314)
# Java VM: OpenJDK 64-Bit Server VM (17.0.7+0-b2043.56-10550314, mixed mode, tiered, compressed oops, compressed class ptrs, g1 gc, windows-amd64)
GC Precious Log:
 CPUs: 4 total, 4 available
 Memory: 8095M
 Large Page Support: Disabled
 NUMA Support: Disabled
 Compressed Oops: Enabled (Zero based)
 Heap Region Size: 2M
 Heap Min Capacity: 8M
 Heap Initial Capacity: 128M
 Heap Max Capacity: 4G
 Pre-touch: Disabled
 Parallel Workers: 4
 Concurrent Workers: 1
 Concurrent Refinement Workers: 4
 Periodic GC: Disabled
Heap:
 garbage-first heap   total 448512K, used 213719K [0x0000000700000000, 0x0000000800000000)
  region size 2048K, 2 young (4096K), 2 survivors (4096K)
 Metaspace       used 156810K, committed 158336K, reserved 1245184K
  class space    used 20149K, committed 20800K, reserved 1048576K
GC Heap History (20 events):
Event: 1079.014 GC heap after
{Heap after GC invocations=76 (full 0):
 garbage-first heap   total 389120K, used 238042K [0x0000000700000000, 0x0000000800000000)
  region size 2048K, 2 young (4096K), 2 survivors (4096K)
 Metaspace       used 156021K, committed 157504K, reserved 1245184K
  class space    used 20149K, committed 20800K, reserved 1048576K
}
Event: 1079.039 GC heap before
{Heap before GC invocations=76 (full 0):
 garbage-first heap   total 389120K, used 248282K [0x0000000700000000, 0x0000000800000000)
  region size 2048K, 3 young (6144K), 2 survivors (4096K)
 Metaspace       used 156021K, committed 157504K, reserved 1245184K
  class space    used 20149K, committed 20800K, reserved 1048576K
}
Event: 1079.044 GC heap after
{Heap after GC invocations=77 (full 0):
 garbage-first heap   total 389120K, used 242029K [0x0000000700000000, 0x0000000800000000)
  region size 2048K, 2 young (4096K), 2 survivors (4096K)
 Metaspace       used 156021K, committed 157504K, reserved 1245184K
  class space    used 20149K, committed 20800K, reserved 1048576K
}
Event: 1079.544 GC heap before
{Heap before GC invocations=77 (full 0):
 garbage-first heap   total 389120K, used 254317K [0x0000000700000000, 0x0000000800000000)
  region size 2048K, 6 young (12288K), 2 survivors (4096K)
 Metaspace       used 156046K, committed 157568K, reserved 1245184K
  class space    used 20154K, committed 20800K, reserved 1048576K
}
Event: 1079.550 GC heap after
{Heap after GC invocations=78 (full 0):
 garbage-first heap   total 389120K, used 215468K [0x0000000700000000, 0x0000000800000000)
  region size 2048K, 2 young (4096K), 2 survivors (4096K)
 Metaspace       used 156046K, committed 157568K, reserved 1245184K
  class space    used 20154K, committed 20800K, reserved 1048576K
}
Event: 1079.746 GC heap before
{Heap before GC invocations=78 (full 0):
 garbage-first heap   total 389120K, used 219564K [0x0000000700000000, 0x0000000800000000)
  region size 2048K, 4 young (8192K), 2 survivors (4096K)
 Metaspace       used 156073K, committed 157568K, reserved 1245184K
  class space    used 20157K, committed 20800K, reserved 1048576K
}
Event: 1079.753 GC heap after
{Heap after GC invocations=79 (full 0):
 garbage-first heap   total 389120K, used 215760K [0x0000000700000000, 0x0000000800000000)
  region size 2048K, 2 young (4096K), 2 survivors (4096K)
 Metaspace       used 156073K, committed 157568K, reserved 1245184K
  class space    used 20157K, committed 20800K, reserved 1048576K
}
Event: 1085.707 GC heap before
{Heap before GC invocations=80 (full 0):
 garbage-first heap   total 430080K, used 363216K [0x0000000700000000, 0x0000000800000000)
  region size 2048K, 58 young (118784K), 2 survivors (4096K)
 Metaspace       used 156224K, committed 157760K, reserved 1245184K
  class space    used 20109K, committed 20800K, reserved 1048576K
}
Event: 1085.715 GC heap after
{Heap after GC invocations=81 (full 0):
 garbage-first heap   total 430080K, used 216564K [0x0000000700000000, 0x0000000800000000)
  region size 2048K, 2 young (4096K), 2 survivors (4096K)
 Metaspace       used 156224K, committed 157760K, reserved 1245184K
  class space    used 20109K, committed 20800K, reserved 1048576K
}
Event: 1120.313 GC heap before
{Heap before GC invocations=81 (full 0):
 garbage-first heap   total 430080K, used 232948K [0x0000000700000000, 0x0000000800000000)
  region size 2048K, 10 young (20480K), 2 survivors (4096K)
 Metaspace       used 156266K, committed 157888K, reserved 1245184K
  class space    used 20111K, committed 20800K, reserved 1048576K
}
Event: 1120.335 GC heap after
{Heap after GC invocations=82 (full 0):
 garbage-first heap   total 430080K, used 209414K [0x0000000700000000, 0x0000000800000000)
  region size 2048K, 2 young (4096K), 2 survivors (4096K)
 Metaspace       used 156266K, committed 157888K, reserved 1245184K
  class space    used 20111K, committed 20800K, reserved 1048576K
}
Event: 1208.395 GC heap before
{Heap before GC invocations=82 (full 0):
 garbage-first heap   total 430080K, used 365062K [0x0000000700000000, 0x0000000800000000)
  region size 2048K, 79 young (161792K), 2 survivors (4096K)
 Metaspace       used 156804K, committed 158336K, reserved 1245184K
  class space    used 20149K, committed 20800K, reserved 1048576K
}
Event: 1208.409 GC heap after
{Heap after GC invocations=83 (full 0):
 garbage-first heap   total 430080K, used 214905K [0x0000000700000000, 0x0000000800000000)
  region size 2048K, 4 young (8192K), 4 survivors (8192K)
 Metaspace       used 156804K, committed 158336K, reserved 1245184K
  class space    used 20149K, committed 20800K, reserved 1048576K
}
Event: 1225.615 GC heap before
{Heap before GC invocations=83 (full 0):
 garbage-first heap   total 430080K, used 229241K [0x0000000700000000, 0x0000000800000000)
  region size 2048K, 12 young (24576K), 4 survivors (8192K)
 Metaspace       used 156804K, committed 158336K, reserved 1245184K
  class space    used 20149K, committed 20800K, reserved 1048576K
}
Event: 1225.626 GC heap after
{Heap after GC invocations=84 (full 0):
 garbage-first heap   total 430080K, used 214408K [0x0000000700000000, 0x0000000800000000)
  region size 2048K, 4 young (8192K), 4 survivors (8192K)
 Metaspace       used 156804K, committed 158336K, reserved 1245184K
  class space    used 20149K, committed 20800K, reserved 1048576K
}
Event: 1226.877 GC heap before
{Heap before GC invocations=85 (full 0):
 garbage-first heap   total 448512K, used 370056K [0x0000000700000000, 0x0000000800000000)
  region size 2048K, 78 young (159744K), 4 survivors (8192K)
 Metaspace       used 156810K, committed 158336K, reserved 1245184K
  class space    used 20149K, committed 20800K, reserved 1048576K
}
Event: 1226.888 GC heap after
{Heap after GC invocations=86 (full 0):
 garbage-first heap   total 448512K, used 217617K [0x0000000700000000, 0x0000000800000000)
  region size 2048K, 5 young (10240K), 5 survivors (10240K)
 Metaspace       used 156810K, committed 158336K, reserved 1245184K
  class space    used 20149K, committed 20800K, reserved 1048576K
}
Event: 1226.925 GC heap before
{Heap before GC invocations=86 (full 0):
 garbage-first heap   total 448512K, used 227857K [0x0000000700000000, 0x0000000800000000)
  region size 2048K, 10 young (20480K), 5 survivors (10240K)
 Metaspace       used 156810K, committed 158336K, reserved 1245184K
  class space    used 20149K, committed 20800K, reserved 1048576K
}
Event: 1226.966 GC heap after
{Heap after GC invocations=87 (full 0):
 garbage-first heap   total 448512K, used 213644K [0x0000000700000000, 0x0000000800000000)
  region size 2048K, 2 young (4096K), 2 survivors (4096K)
 Metaspace       used 156810K, committed 158336K, reserved 1245184K
  class space    used 20149K, committed 20800K, reserved 1048576K
}
Event: 1227.583 GC heap before
{Heap before GC invocations=87 (full 0):
 garbage-first heap   total 448512K, used 385676K [0x0000000700000000, 0x0000000800000000)
  region size 2048K, 86 young (176128K), 2 survivors (4096K)
 Metaspace       used 156810K, committed 158336K, reserved 1245184K
  class space    used 20149K, committed 20800K, reserved 1048576K
}

